********************************************************************************
DUPLICATOR-LITE PACKAGE-LOG: February 5, 2022 5:02 am
NOTICE: Do NOT post to public sites or forums 
********************************************************************************
VERSION:	1.4.3
WORDPRESS:	5.9
PHP INFO:	7.4.25 | SAPI: cgi-fcgi
SERVER:		Apache/2.4.35 (Win64) OpenSSL/1.1.1b mod_fcgid/2.3.9 
PHP TIME LIMIT: (0) no time limit imposed 
PHP MAX MEMORY: 4294967296 (512M default) 
MEMORY STACK: 8MB

********************************************************************************
DATABASE:
********************************************************************************
BUILD MODE:   MYSQLDUMP
MYSQLTIMEOUT: 5000
MYSQLDUMP:    Is Supported
SQL CREATED: 20220205_chainfiles_db_84d8af25c45be0ee1158_20220205050157_database.sql
SQL FILE SIZE: 8.09MB (8486182)
SQL FILE TIME: 2022-02-05 05:02:16
SQL RUNTIME: 10.51 sec.

********************************************************************************
ARCHIVE (ZIP):
********************************************************************************
ARCHIVE DIR:  C:/laragon/www/blocdoc
ARCHIVE FILE: 20220205_chainfiles_db_84d8af25c45be0ee1158_20220205050157_archive.zip
FILTERS: *ON*
DIRS:
	C:/laragon/www/blocdoc/wp-content/wpvividbackups
FILES:
	not set
EXTS:  not set
----------------------------------------
COMPRESSING
SIZE:	0B
STATS:	Dirs 0 | Files 0
SQL ADDED: 20220205_chainfiles_db_84d8af25c45be0ee1158_20220205050157_database.sql
ZipArchive Object
(
    [status] => 0
    [statusSys] => 0
    [numFiles] => 1
    [filename] => C:\laragon\www\blocdoc\wp-content\backups-dup-lite\tmp\20220205_chainfiles_db_84d8af25c45be0ee1158_20220205050157_archive.zip
    [comment] => 
)

FILE ADDED TO ZIP: 0
COMPRESSION RESULT: '1'
COMPRESSED SIZE: 1.11MB
ARCHIVE RUNTIME: 0.53 sec.
MEMORY STACK: 8MB
building installer
add_extra_files1
add_extra_files2
add_extra_files3
add_extra_files4
Doing archive file check
add_extra_files5
add_extra_files6
add_extra_files8
Successfully opened zip C:/laragon/www/blocdoc/wp-content/backups-dup-lite/tmp/20220205_chainfiles_db_84d8af25c45be0ee1158_20220205050157_archive.zip
Adding enhanced installer files to archive using ZipArchive
Installer files added to archive
Added to archive
After ziparchive close when adding installer

********************************************************************************
INTEGRITY CHECKS:
********************************************************************************
SQL FILE: 8.09MB
INSTALLER FILE: 64.26KB
ARCHIVE FILE: 2.07MB 
EXPECTED FILE/DIRECTORY COUNT: 0
ACTUAL FILE/DIRECTORY COUNT: 0
ARCHIVE CONSISTENCY TEST: Pass

********************************************************************************
RECORD ID:[16]
TOTAL PROCESS RUNTIME: 12.43 sec.
PEAK PHP MEMORY USED: 12MB
DONE PROCESSING => 20220205_chainfiles_db February 5, 2022 5:02 am

